[debug] [2019-09-04T07:59:19.758Z] ----------------------------------------------------------------------
[debug] [2019-09-04T07:59:19.761Z] Command:       C:\Program Files\nodejs\node.exe C:\Users\Aarsh\AppData\Roaming\npm\node_modules\firebase-tools\lib\bin\firebase.js init
[debug] [2019-09-04T07:59:19.761Z] CLI Version:   7.3.0
[debug] [2019-09-04T07:59:19.762Z] Platform:      win32
[debug] [2019-09-04T07:59:19.762Z] Node Version:  v10.15.3
[debug] [2019-09-04T07:59:19.764Z] Time:          Wed Sep 04 2019 13:29:19 GMT+0530 (India Standard Time)
[debug] [2019-09-04T07:59:19.764Z] ----------------------------------------------------------------------
[debug] 
[debug] [2019-09-04T07:59:19.818Z] > command requires scopes: ["email","openid","https://www.googleapis.com/auth/cloudplatformprojects.readonly","https://www.googleapis.com/auth/firebase","https://www.googleapis.com/auth/cloud-platform"]
[debug] [2019-09-04T07:59:19.819Z] > authorizing via signed-in user
[info] 
     ######## #### ########  ######## ########     ###     ######  ########
     ##        ##  ##     ## ##       ##     ##  ##   ##  ##       ##
     ######    ##  ########  ######   ########  #########  ######  ######
     ##        ##  ##    ##  ##       ##     ## ##     ##       ## ##
     ##       #### ##     ## ######## ########  ##     ##  ######  ########

You're about to initialize a Firebase project in this directory:

  C:\Users\Aarsh\Documents\Projects-SoFar\Angular Projects\Gourmet-Lovers

Before we get started, keep in mind:

  * You are initializing in an existing Firebase project directory

