Looking for git in: git
Using git 2.7.4 from git
> git rev-parse --show-toplevel
> git config --get commit.template
Open repository: /home/pk/foodplaces
> git status -z -u
> git symbolic-ref --short HEAD
> git rev-parse master
> git rev-parse --symbolic-full-name master@{u}
fatal: no upstream configured for branch 'master'
> git for-each-ref --format %(refname) %(objectname) --sort -committerdate
> git remote --verbose
> git show :src/app/restaurants/restaurants.component.ts
> git check-ignore -z --stdin
> git show :src/app/restaurants/restaurants.component.ts
> git status -z -u
> git symbolic-ref --short HEAD
> git rev-parse master
> git rev-parse --symbolic-full-name master@{u}
fatal: no upstream configured for branch 'master'
> git for-each-ref --format %(refname) %(objectname) --sort -committerdate
> git remote --verbose
> git show :src/app/restaurants/restaurants.component.ts
> git show :tsconfig.json
> git check-ignore -z --stdin
> git status -z -u
> git symbolic-ref --short HEAD
> git rev-parse master
> git rev-parse --symbolic-full-name master@{u}
fatal: no upstream configured for branch 'master'
> git for-each-ref --format %(refname) %(objectname) --sort -committerdate
> git remote --verbose
> git show :src/tsconfig.app.json
> git check-ignore -z --stdin
> git status -z -u
> git symbolic-ref --short HEAD
> git rev-parse master
> git rev-parse --symbolic-full-name master@{u}
fatal: no upstream configured for branch 'master'
> git for-each-ref --format %(refname) %(objectname) --sort -committerdate
> git remote --verbose
> git show :tsconfig.json
> git status -z -u
> git symbolic-ref --short HEAD
> git rev-parse master
> git rev-parse --symbolic-full-name master@{u}
fatal: no upstream configured for branch 'master'
> git for-each-ref --format %(refname) %(objectname) --sort -committerdate
> git remote --verbose
> git status -z -u
> git symbolic-ref --short HEAD
> git rev-parse master
> git rev-parse --symbolic-full-name master@{u}
fatal: no upstream configured for branch 'master'
> git for-each-ref --format %(refname) %(objectname) --sort -committerdate
> git remote --verbose
> git check-ignore -z --stdin
> git check-ignore -z --stdin
> git show :src/app/restaurants/restaurants.component.ts
> git show :tsconfig.json
> git check-ignore -z --stdin
> git show :src/app/restaurants/restaurants.component.ts
> git show :tsconfig.json
> git check-ignore -z --stdin
> git show :src/app/restaurants/restaurants.component.html
> git show :src/app/restaurants/restaurants.component.ts
> git show :src/app/app.module.ts
> git show :src/app/restaurants/restaurants.component.ts
> git show :src/app/restaurants/restaurants.component.html
> git show :src/app/restaurants/restaurants.component.ts
> git show :src/app/restaurants/restaurants.component.html
> git show :src/app/restaurants/restaurants.component.ts
> git show :src/app/restaurants/restaurants.component.html
> git show :src/app/restaurants/restaurants.component.css
> git show :src/app/restaurants/restaurants.component.html
> git show :src/app/restaurants/restaurants.component.ts
