Looking for git in: git
Using git 2.7.4 from git
> git rev-parse --show-toplevel
> git config --get commit.template
Open repository: /home/pk
> git status -z -u
> git check-ignore -z --stdin
> git symbolic-ref --short HEAD
> git rev-parse master
> git rev-parse --symbolic-full-name master@{u}
fatal: no upstream configured for branch 'master'
> git for-each-ref --format %(refname) %(objectname) --sort -committerdate
> git remote --verbose
> git check-ignore -z --stdin
> git check-ignore -z --stdin
> git check-ignore -z --stdin
> git check-ignore -z --stdin
> git show :foodplaces/src/app/restaurants/restaurants.component.ts
> git ls-files --stage -- foodplaces/src/app/restaurants/
> git show :foodplaces/src/app/restaurants/restaurants.component.html
> git ls-files --stage -- foodplaces/src/app/restaurants/
> git show :foodplaces/src/app/restaurants/restaurants.component.ts
> git ls-files --stage -- foodplaces/src/app/restaurants/
> git show :foodplaces/src/app/restaurants/restaurants.component.html
> git ls-files --stage -- foodplaces/src/app/restaurants/
> git show :foodplaces/src/app/restaurants/restaurants.component.ts
> git ls-files --stage -- foodplaces/src/app/restaurants/
> git show :foodplaces/src/app/restaurants/restaurants.component.html
> git ls-files --stage -- foodplaces/src/app/restaurants/
> git show :foodplaces/src/app/restaurants/restaurants.component.ts
> git ls-files --stage -- foodplaces/src/app/restaurants/
> git show :foodplaces/src/app/restaurants/restaurants.component.html
> git ls-files --stage -- foodplaces/src/app/restaurants/
> git show :foodplaces/src/app/restaurants/restaurants.component.ts
> git ls-files --stage -- foodplaces/src/app/restaurants/
> git show :foodplaces/src/app/restaurants/restaurants.component.html
> git ls-files --stage -- foodplaces/src/app/restaurants/
> git show :foodplaces/src/app/restaurants/restaurants.component.ts
> git ls-files --stage -- foodplaces/src/app/restaurants/
> git show :foodplaces/src/app/restaurants/restaurants.component.html
> git ls-files --stage -- foodplaces/src/app/restaurants/
> git show :foodplaces/src/app/restaurants/restaurants.component.ts
> git ls-files --stage -- foodplaces/src/app/restaurants/
> git show :foodplaces/src/index.html
> git ls-files --stage -- foodplaces/src/
> git show :foodplaces/src/app/app.module.ts
> git ls-files --stage -- foodplaces/src/app/
> git show :foodplaces/src/app/restaurants/restaurants.component.ts
> git ls-files --stage -- foodplaces/src/app/restaurants/
> git show :foodplaces/src/app/restaurants/restaurants.component.html
> git ls-files --stage -- foodplaces/src/app/restaurants/
> git show :foodplaces/src/app/restaurants/restaurants.component.ts
> git ls-files --stage -- foodplaces/src/app/restaurants/
> git show :foodplaces/src/app/restaurants/restaurants.component.html
> git ls-files --stage -- foodplaces/src/app/restaurants/
> git show :foodplaces/src/app/restaurants/restaurants.component.ts
> git ls-files --stage -- foodplaces/src/app/restaurants/
> git show :foodplaces/src/app/app.component.css
> git ls-files --stage -- foodplaces/src/app/
> git show :foodplaces/src/app/app.component.spec.ts
> git ls-files --stage -- foodplaces/src/app/
> git show :foodplaces/src/app/app.module.ts
> git ls-files --stage -- foodplaces/src/app/
> git show :foodplaces/src/app/restaurants/restaurants.component.html
> git ls-files --stage -- foodplaces/src/app/restaurants/
> git show :foodplaces/src/index.html
> git ls-files --stage -- foodplaces/src/
> git show :foodplaces/src/app/users/users.component.html
> git ls-files --stage -- foodplaces/src/app/users/
> git show :foodplaces/src/app/restaurants/restaurants.component.html
> git ls-files --stage -- foodplaces/src/app/restaurants/
> git show :foodplaces/src/app/restaurants/restaurants.component.ts
> git ls-files --stage -- foodplaces/src/app/restaurants/
> git show :foodplaces/src/app/restaurants/restaurants.component.html
> git ls-files --stage -- foodplaces/src/app/restaurants/
> git show :foodplaces/src/app/restaurants/restaurants.component.ts
> git ls-files --stage -- foodplaces/src/app/restaurants/
> git show :foodplaces/src/app/restaurants/restaurants.component.html
> git ls-files --stage -- foodplaces/src/app/restaurants/
> git show :foodplaces/src/app/restaurants/restaurants.component.ts
> git ls-files --stage -- foodplaces/src/app/restaurants/
> git show :foodplaces/src/app/restaurants/restaurants.component.html
> git ls-files --stage -- foodplaces/src/app/restaurants/
> git show :foodplaces/src/app/restaurants/restaurants.component.ts
> git ls-files --stage -- foodplaces/src/app/restaurants/
> git show :foodplaces/src/app/restaurants/restaurants.component.html
> git ls-files --stage -- foodplaces/src/app/restaurants/
> git show :foodplaces/src/app/restaurants/restaurants.component.ts
> git ls-files --stage -- foodplaces/src/app/restaurants/
> git show :foodplaces/src/app/restaurants/restaurants.component.html
> git ls-files --stage -- foodplaces/src/app/restaurants/
> git show :foodplaces/src/app/restaurants/restaurants.component.ts
> git ls-files --stage -- foodplaces/src/app/restaurants/
> git show :foodplaces/src/app/restaurants/restaurants.component.spec.ts
> git ls-files --stage -- foodplaces/src/app/restaurants/
> git show :foodplaces/src/app/restaurants/restaurants.component.html
> git ls-files --stage -- foodplaces/src/app/restaurants/
> git show :foodplaces/src/app/restaurants/restaurants.component.ts
> git ls-files --stage -- foodplaces/src/app/restaurants/
git.getSCMResource.uri file:///home/pk/foodplaces/src/app/restaurants/restaurants.component.html
repo root /home/pk
