[2019-05-28 11:21:17.329] [exthost] [info] extension host started
[2019-05-28 11:21:17.390] [exthost] [info] ExtensionService#_doActivateExtension vscode.extension-editing {"startup":false,"activationEvent":"onLanguage:typescript"}
[2019-05-28 11:21:17.390] [exthost] [info] ExtensionService#loadCommonJSModule /usr/share/code/resources/app/extensions/extension-editing/dist/extension
[2019-05-28 11:21:17.513] [exthost] [info] ExtensionService#_doActivateExtension vscode.typescript-language-features {"startup":false,"activationEvent":"onLanguage:typescript"}
[2019-05-28 11:21:17.513] [exthost] [info] ExtensionService#loadCommonJSModule /usr/share/code/resources/app/extensions/typescript-language-features/dist/extension
[2019-05-28 11:21:17.616] [exthost] [info] ExtensionService#_doActivateExtension vscode.debug-auto-launch {"startup":true,"activationEvent":"*"}
[2019-05-28 11:21:17.616] [exthost] [info] ExtensionService#loadCommonJSModule /usr/share/code/resources/app/extensions/debug-auto-launch/dist/extension
[2019-05-28 11:21:17.621] [exthost] [info] ExtensionService#_doActivateExtension vscode.emmet {"startup":true,"activationEvent":"*"}
[2019-05-28 11:21:17.621] [exthost] [info] ExtensionService#loadCommonJSModule /usr/share/code/resources/app/extensions/emmet/dist/extension
[2019-05-28 11:21:17.646] [exthost] [info] ExtensionService#_doActivateExtension vscode.git {"startup":true,"activationEvent":"*"}
[2019-05-28 11:21:17.646] [exthost] [info] ExtensionService#loadCommonJSModule /usr/share/code/resources/app/extensions/git/dist/main
[2019-05-28 11:21:17.780] [exthost] [info] ExtensionService#_doActivateExtension vscode.merge-conflict {"startup":true,"activationEvent":"*"}
[2019-05-28 11:21:17.780] [exthost] [info] ExtensionService#loadCommonJSModule /usr/share/code/resources/app/extensions/merge-conflict/dist/extension
[2019-05-28 11:21:17.788] [exthost] [info] ExtensionService#_doActivateExtension esbenp.prettier-vscode {"startup":true,"activationEvent":"*"}
[2019-05-28 11:21:17.788] [exthost] [info] ExtensionService#loadCommonJSModule /home/pk/.vscode/extensions/esbenp.prettier-vscode-1.9.0/out/src/extension
[2019-05-28 11:21:17.992] [exthost] [info] eager extensions activated
[2019-05-28 11:21:30.483] [exthost] [info] ExtensionService#_doActivateExtension vscode.configuration-editing {"startup":false,"activationEvent":"onLanguage:jsonc"}
[2019-05-28 11:21:30.483] [exthost] [info] ExtensionService#loadCommonJSModule /usr/share/code/resources/app/extensions/configuration-editing/dist/extension
[2019-05-28 11:21:30.497] [exthost] [info] ExtensionService#_doActivateExtension vscode.json-language-features {"startup":false,"activationEvent":"onLanguage:jsonc"}
[2019-05-28 11:21:30.497] [exthost] [info] ExtensionService#loadCommonJSModule /usr/share/code/resources/app/extensions/json-language-features/client/dist/jsonMain
[2019-05-28 11:29:15.838] [exthost] [info] ExtensionService#_doActivateExtension vscode.html-language-features {"startup":false,"activationEvent":"onLanguage:html"}
[2019-05-28 11:29:15.838] [exthost] [info] ExtensionService#loadCommonJSModule /usr/share/code/resources/app/extensions/html-language-features/client/dist/htmlMain
[2019-05-28 12:16:41.039] [exthost] [error] [vscode.emmet] provider FAILED
[2019-05-28 12:16:41.041] [exthost] [error] TypeError: Cannot read property 'start' of undefined
	at Object.t.isStyleAttribute (/usr/share/code/resources/app/extensions/emmet/dist/extension.js:1:9736)
	at t.DefaultCompletionItemProvider.provideCompletionItemsInternal (/usr/share/code/resources/app/extensions/emmet/dist/extension.js:1:46168)
	at t.DefaultCompletionItemProvider.provideCompletionItems (/usr/share/code/resources/app/extensions/emmet/dist/extension.js:1:45089)
	at define.provideCompletionItems.a.asPromise (/usr/share/code/resources/app/out/vs/workbench/services/extensions/node/extensionHostProcess.js:592:293)
	at t.asPromise.Promise (/usr/share/code/resources/app/out/vs/workbench/services/extensions/node/extensionHostProcess.js:49:430)
	at new Promise (<anonymous>)
	at Object.t.asPromise (/usr/share/code/resources/app/out/vs/workbench/services/extensions/node/extensionHostProcess.js:49:402)
	at L.provideCompletionItems (/usr/share/code/resources/app/out/vs/workbench/services/extensions/node/extensionHostProcess.js:592:264)
	at define.$provideCompletionItems._withAdapter.e (/usr/share/code/resources/app/out/vs/workbench/services/extensions/node/extensionHostProcess.js:606:685)
	at B._withAdapter (/usr/share/code/resources/app/out/vs/workbench/services/extensions/node/extensionHostProcess.js:599:159)
	at B.$provideCompletionItems (/usr/share/code/resources/app/out/vs/workbench/services/extensions/node/extensionHostProcess.js:606:663)
	at d._doInvokeHandler (/usr/share/code/resources/app/out/vs/workbench/services/extensions/node/extensionHostProcess.js:622:11)
	at d._invokeHandler (/usr/share/code/resources/app/out/vs/workbench/services/extensions/node/extensionHostProcess.js:621:716)
	at d._receiveRequest (/usr/share/code/resources/app/out/vs/workbench/services/extensions/node/extensionHostProcess.js:620:341)
	at d._receiveOneMessage (/usr/share/code/resources/app/out/vs/workbench/services/extensions/node/extensionHostProcess.js:619:141)
	at define.constructor._protocol.onMessage.e (/usr/share/code/resources/app/out/vs/workbench/services/extensions/node/extensionHostProcess.js:617:400)
	at u.fire (/usr/share/code/resources/app/out/vs/workbench/services/extensions/node/extensionHostProcess.js:44:708)
	at e (/usr/share/code/resources/app/out/vs/workbench/services/extensions/node/extensionHostProcess.js:40:460)
	at u.fire (/usr/share/code/resources/app/out/vs/workbench/services/extensions/node/extensionHostProcess.js:44:708)
	at a (/usr/share/code/resources/app/out/vs/workbench/services/extensions/node/extensionHostProcess.js:172:467)
	at e (/usr/share/code/resources/app/out/vs/workbench/services/extensions/node/extensionHostProcess.js:172:513)
	at u.fire (/usr/share/code/resources/app/out/vs/workbench/services/extensions/node/extensionHostProcess.js:44:708)
	at y._receiveMessage (/usr/share/code/resources/app/out/vs/workbench/services/extensions/node/extensionHostProcess.js:181:276)
	at define.constructor._socketDisposables.push._socketReader.onMessage.e (/usr/share/code/resources/app/out/vs/workbench/services/extensions/node/extensionHostProcess.js:178:415)
	at u.fire (/usr/share/code/resources/app/out/vs/workbench/services/extensions/node/extensionHostProcess.js:44:708)
	at f.acceptChunk (/usr/share/code/resources/app/out/vs/workbench/services/extensions/node/extensionHostProcess.js:175:35)
	at define.constructor._register._socket.onData.e (/usr/share/code/resources/app/out/vs/workbench/services/extensions/node/extensionHostProcess.js:174:410)
	at Socket.t (/usr/share/code/resources/app/out/vs/workbench/services/extensions/node/extensionHostProcess.js:182:689)
	at Socket.emit (events.js:182:13)
	at addChunk (_stream_readable.js:279:12)
	at readableAddChunk (_stream_readable.js:264:11)
	at Socket.Readable.push (_stream_readable.js:219:10)
	at Pipe.onread (net.js:636:20)
[2019-05-28 12:45:38.995] [exthost] [info] ExtensionService#_doActivateExtension vscode.css-language-features {"startup":false,"activationEvent":"onLanguage:css"}
[2019-05-28 12:45:38.995] [exthost] [info] ExtensionService#loadCommonJSModule /usr/share/code/resources/app/extensions/css-language-features/client/dist/cssMain
[2019-05-28 18:47:25.085] [exthost] [error] [vscode.typescript-language-features] provider FAILED
[2019-05-28 18:47:25.086] [exthost] [error] Error: TypeScript Server Error (3.4.3)
Debug Failure. Invalid cast. The supplied value [object Object] did not pass the test 'isParameter'.
Error: Debug Failure. Invalid cast. The supplied value [object Object] did not pass the test 'isParameter'.
    at Object.cast (tsserver.js:1434:22)
    at doChange (tsserver.js:112039:40)
    at tsserver.js:111943:109
    at Function.ChangeTracker.with (tsserver.js:110603:17)
    at Object.getCodeActions (tsserver.js:111943:64)
    at tsserver.js:111589:121
    at Object.flatMap (tsserver.js:571:25)
    at Object.getFixes (tsserver.js:111589:23)
    at tsserver.js:121238:35
    at Object.flatMap (tsserver.js:571:25)
    at Object.getCodeFixesAtPosition (tsserver.js:121236:23)
    at IOSession.Session.getCodeFixes (tsserver.js:130280:64)
    at Session.handlers.ts.createMapFromTemplate._a.(anonymous function) (tsserver.js:129036:61)
    at tsserver.js:130454:88
    at IOSession.Session.executeWithRequestId (tsserver.js:130445:28)
    at IOSession.Session.executeCommand (tsserver.js:130454:33)
    at IOSession.Session.onMessage (tsserver.js:130476:35)
    at Interface.<anonymous> (tsserver.js:131773:27)
    at Interface.emit (events.js:182:13)
    at Interface._onLine (readline.js:290:10)
    at Interface._normalWrite (readline.js:433:12)
    at Socket.ondata (readline.js:149:10)
    at Socket.emit (events.js:182:13)
    at addChunk (_stream_readable.js:279:12)
    at readableAddChunk (_stream_readable.js:264:11)
    at Socket.Readable.push (_stream_readable.js:219:10)
    at Pipe.onread (net.js:636:20)
	at Function.create (/usr/share/code/resources/app/extensions/typescript-language-features/dist/extension.js:1:174464)
	at v.dispatchResponse (/usr/share/code/resources/app/extensions/typescript-language-features/dist/extension.js:1:179770)
	at v.dispatchMessage (/usr/share/code/resources/app/extensions/typescript-language-features/dist/extension.js:1:178522)
	at constructor._reader.onData.e (/usr/share/code/resources/app/extensions/typescript-language-features/dist/extension.js:1:177878)
	at u.fire (/usr/share/code/resources/app/out/vs/workbench/services/extensions/node/extensionHostProcess.js:44:708)
	at t.Reader.onLengthData (/usr/share/code/resources/app/extensions/typescript-language-features/dist/extension.js:1:183738)
	at Socket.t.Reader.constructor.e.on.e (/usr/share/code/resources/app/extensions/typescript-language-features/dist/extension.js:1:183386)
	at Socket.emit (events.js:182:13)
	at addChunk (_stream_readable.js:279:12)
	at readableAddChunk (_stream_readable.js:264:11)
	at Socket.Readable.push (_stream_readable.js:219:10)
	at Pipe.onread (net.js:636:20)
[2019-05-29 11:54:26.063] [exthost] [error] [vscode.typescript-language-features] provider FAILED
[2019-05-29 11:54:26.064] [exthost] [error] Error: TypeScript Server Error (3.4.3)
Cannot read property 'length' of undefined
TypeError: Cannot read property 'length' of undefined
    at Object.find (tsserver.js:375:35)
    at getReferencedSymbolsForModuleIfDeclaredBySourceFile (tsserver.js:101861:78)
    at Object.getReferencedSymbolsForNode (tsserver.js:101839:40)
    at Object.getReferenceEntriesForNode (tsserver.js:101581:58)
    at getSemanticDocumentHighlights (tsserver.js:100395:57)
    at Object.getDocumentHighlights (tsserver.js:100383:20)
    at Object.getDocumentHighlights (tsserver.js:121028:42)
    at IOSession.Session.getDocumentHighlights (tsserver.js:129609:71)
    at Session.handlers.ts.createMapFromTemplate._a.(anonymous function) (tsserver.js:129016:61)
    at tsserver.js:130454:88
    at IOSession.Session.executeWithRequestId (tsserver.js:130445:28)
    at IOSession.Session.executeCommand (tsserver.js:130454:33)
    at IOSession.Session.onMessage (tsserver.js:130476:35)
    at Interface.<anonymous> (tsserver.js:131773:27)
    at Interface.emit (events.js:182:13)
    at Interface._onLine (readline.js:290:10)
    at Interface._normalWrite (readline.js:433:12)
    at Socket.ondata (readline.js:149:10)
    at Socket.emit (events.js:182:13)
    at addChunk (_stream_readable.js:279:12)
    at readableAddChunk (_stream_readable.js:264:11)
    at Socket.Readable.push (_stream_readable.js:219:10)
    at Pipe.onread (net.js:636:20)
	at Function.create (/usr/share/code/resources/app/extensions/typescript-language-features/dist/extension.js:1:174464)
	at v.dispatchResponse (/usr/share/code/resources/app/extensions/typescript-language-features/dist/extension.js:1:179770)
	at v.dispatchMessage (/usr/share/code/resources/app/extensions/typescript-language-features/dist/extension.js:1:178522)
	at constructor._reader.onData.e (/usr/share/code/resources/app/extensions/typescript-language-features/dist/extension.js:1:177878)
	at u.fire (/usr/share/code/resources/app/out/vs/workbench/services/extensions/node/extensionHostProcess.js:44:708)
	at t.Reader.onLengthData (/usr/share/code/resources/app/extensions/typescript-language-features/dist/extension.js:1:183738)
	at Socket.t.Reader.constructor.e.on.e (/usr/share/code/resources/app/extensions/typescript-language-features/dist/extension.js:1:183386)
	at Socket.emit (events.js:182:13)
	at addChunk (_stream_readable.js:279:12)
	at readableAddChunk (_stream_readable.js:264:11)
	at Socket.Readable.push (_stream_readable.js:219:10)
	at Pipe.onread (net.js:636:20)
[2019-05-29 16:27:23.897] [exthost] [info] ExtensionService#_doActivateExtension vscode.npm {"startup":false,"activationEvent":"onLanguage:json"}
[2019-05-29 16:27:23.897] [exthost] [info] ExtensionService#loadCommonJSModule /usr/share/code/resources/app/extensions/npm/dist/main
