[2019-05-28 12:16:41.043] [renderer1] [error] Cannot read property 'start' of undefined: TypeError: Cannot read property 'start' of undefined
	at Object.t.isStyleAttribute (/usr/share/code/resources/app/extensions/emmet/dist/extension.js:1:9736)
	at t.DefaultCompletionItemProvider.provideCompletionItemsInternal (/usr/share/code/resources/app/extensions/emmet/dist/extension.js:1:46168)
	at t.DefaultCompletionItemProvider.provideCompletionItems (/usr/share/code/resources/app/extensions/emmet/dist/extension.js:1:45089)
	at define.provideCompletionItems.a.asPromise (/usr/share/code/resources/app/out/vs/workbench/services/extensions/node/extensionHostProcess.js:592:293)
	at t.asPromise.Promise (/usr/share/code/resources/app/out/vs/workbench/services/extensions/node/extensionHostProcess.js:49:430)
	at new Promise (<anonymous>)
	at Object.t.asPromise (/usr/share/code/resources/app/out/vs/workbench/services/extensions/node/extensionHostProcess.js:49:402)
	at L.provideCompletionItems (/usr/share/code/resources/app/out/vs/workbench/services/extensions/node/extensionHostProcess.js:592:264)
	at define.$provideCompletionItems._withAdapter.e (/usr/share/code/resources/app/out/vs/workbench/services/extensions/node/extensionHostProcess.js:606:685)
	at B._withAdapter (/usr/share/code/resources/app/out/vs/workbench/services/extensions/node/extensionHostProcess.js:599:159)
	at B.$provideCompletionItems (/usr/share/code/resources/app/out/vs/workbench/services/extensions/node/extensionHostProcess.js:606:663)
	at d._doInvokeHandler (/usr/share/code/resources/app/out/vs/workbench/services/extensions/node/extensionHostProcess.js:622:11)
	at d._invokeHandler (/usr/share/code/resources/app/out/vs/workbench/services/extensions/node/extensionHostProcess.js:621:716)
	at d._receiveRequest (/usr/share/code/resources/app/out/vs/workbench/services/extensions/node/extensionHostProcess.js:620:341)
	at d._receiveOneMessage (/usr/share/code/resources/app/out/vs/workbench/services/extensions/node/extensionHostProcess.js:619:141)
	at define.constructor._protocol.onMessage.e (/usr/share/code/resources/app/out/vs/workbench/services/extensions/node/extensionHostProcess.js:617:400)
	at u.fire (/usr/share/code/resources/app/out/vs/workbench/services/extensions/node/extensionHostProcess.js:44:708)
	at e (/usr/share/code/resources/app/out/vs/workbench/services/extensions/node/extensionHostProcess.js:40:460)
	at u.fire (/usr/share/code/resources/app/out/vs/workbench/services/extensions/node/extensionHostProcess.js:44:708)
	at a (/usr/share/code/resources/app/out/vs/workbench/services/extensions/node/extensionHostProcess.js:172:467)
	at e (/usr/share/code/resources/app/out/vs/workbench/services/extensions/node/extensionHostProcess.js:172:513)
	at u.fire (/usr/share/code/resources/app/out/vs/workbench/services/extensions/node/extensionHostProcess.js:44:708)
	at y._receiveMessage (/usr/share/code/resources/app/out/vs/workbench/services/extensions/node/extensionHostProcess.js:181:276)
	at define.constructor._socketDisposables.push._socketReader.onMessage.e (/usr/share/code/resources/app/out/vs/workbench/services/extensions/node/extensionHostProcess.js:178:415)
	at u.fire (/usr/share/code/resources/app/out/vs/workbench/services/extensions/node/extensionHostProcess.js:44:708)
	at f.acceptChunk (/usr/share/code/resources/app/out/vs/workbench/services/extensions/node/extensionHostProcess.js:175:35)
	at define.constructor._register._socket.onData.e (/usr/share/code/resources/app/out/vs/workbench/services/extensions/node/extensionHostProcess.js:174:410)
	at Socket.t (/usr/share/code/resources/app/out/vs/workbench/services/extensions/node/extensionHostProcess.js:182:689)
	at Socket.emit (events.js:182:13)
	at addChunk (_stream_readable.js:279:12)
	at readableAddChunk (_stream_readable.js:264:11)
	at Socket.Readable.push (_stream_readable.js:219:10)
	at Pipe.onread (net.js:636:20)
[2019-05-28 18:47:25.086] [renderer1] [error] TypeScript Server Error (3.4.3)
Debug Failure. Invalid cast. The supplied value [object Object] did not pass the test 'isParameter'.
Error: Debug Failure. Invalid cast. The supplied value [object Object] did not pass the test 'isParameter'.
    at Object.cast (tsserver.js:1434:22)
    at doChange (tsserver.js:112039:40)
    at tsserver.js:111943:109
    at Function.ChangeTracker.with (tsserver.js:110603:17)
    at Object.getCodeActions (tsserver.js:111943:64)
    at tsserver.js:111589:121
    at Object.flatMap (tsserver.js:571:25)
    at Object.getFixes (tsserver.js:111589:23)
    at tsserver.js:121238:35
    at Object.flatMap (tsserver.js:571:25)
    at Object.getCodeFixesAtPosition (tsserver.js:121236:23)
    at IOSession.Session.getCodeFixes (tsserver.js:130280:64)
    at Session.handlers.ts.createMapFromTemplate._a.(anonymous function) (tsserver.js:129036:61)
    at tsserver.js:130454:88
    at IOSession.Session.executeWithRequestId (tsserver.js:130445:28)
    at IOSession.Session.executeCommand (tsserver.js:130454:33)
    at IOSession.Session.onMessage (tsserver.js:130476:35)
    at Interface.<anonymous> (tsserver.js:131773:27)
    at Interface.emit (events.js:182:13)
    at Interface._onLine (readline.js:290:10)
    at Interface._normalWrite (readline.js:433:12)
    at Socket.ondata (readline.js:149:10)
    at Socket.emit (events.js:182:13)
    at addChunk (_stream_readable.js:279:12)
    at readableAddChunk (_stream_readable.js:264:11)
    at Socket.Readable.push (_stream_readable.js:219:10)
    at Pipe.onread (net.js:636:20): Error: TypeScript Server Error (3.4.3)
Debug Failure. Invalid cast. The supplied value [object Object] did not pass the test 'isParameter'.
Error: Debug Failure. Invalid cast. The supplied value [object Object] did not pass the test 'isParameter'.
    at Object.cast (tsserver.js:1434:22)
    at doChange (tsserver.js:112039:40)
    at tsserver.js:111943:109
    at Function.ChangeTracker.with (tsserver.js:110603:17)
    at Object.getCodeActions (tsserver.js:111943:64)
    at tsserver.js:111589:121
    at Object.flatMap (tsserver.js:571:25)
    at Object.getFixes (tsserver.js:111589:23)
    at tsserver.js:121238:35
    at Object.flatMap (tsserver.js:571:25)
    at Object.getCodeFixesAtPosition (tsserver.js:121236:23)
    at IOSession.Session.getCodeFixes (tsserver.js:130280:64)
    at Session.handlers.ts.createMapFromTemplate._a.(anonymous function) (tsserver.js:129036:61)
    at tsserver.js:130454:88
    at IOSession.Session.executeWithRequestId (tsserver.js:130445:28)
    at IOSession.Session.executeCommand (tsserver.js:130454:33)
    at IOSession.Session.onMessage (tsserver.js:130476:35)
    at Interface.<anonymous> (tsserver.js:131773:27)
    at Interface.emit (events.js:182:13)
    at Interface._onLine (readline.js:290:10)
    at Interface._normalWrite (readline.js:433:12)
    at Socket.ondata (readline.js:149:10)
    at Socket.emit (events.js:182:13)
    at addChunk (_stream_readable.js:279:12)
    at readableAddChunk (_stream_readable.js:264:11)
    at Socket.Readable.push (_stream_readable.js:219:10)
    at Pipe.onread (net.js:636:20)
	at Function.create (/usr/share/code/resources/app/extensions/typescript-language-features/dist/extension.js:1:174464)
	at v.dispatchResponse (/usr/share/code/resources/app/extensions/typescript-language-features/dist/extension.js:1:179770)
	at v.dispatchMessage (/usr/share/code/resources/app/extensions/typescript-language-features/dist/extension.js:1:178522)
	at constructor._reader.onData.e (/usr/share/code/resources/app/extensions/typescript-language-features/dist/extension.js:1:177878)
	at u.fire (/usr/share/code/resources/app/out/vs/workbench/services/extensions/node/extensionHostProcess.js:44:708)
	at t.Reader.onLengthData (/usr/share/code/resources/app/extensions/typescript-language-features/dist/extension.js:1:183738)
	at Socket.t.Reader.constructor.e.on.e (/usr/share/code/resources/app/extensions/typescript-language-features/dist/extension.js:1:183386)
	at Socket.emit (events.js:182:13)
	at addChunk (_stream_readable.js:279:12)
	at readableAddChunk (_stream_readable.js:264:11)
	at Socket.Readable.push (_stream_readable.js:219:10)
	at Pipe.onread (net.js:636:20)
