[2019-05-17 11:41:49.452] [renderer1] [error] doSave(243) - exit - resulted in a save error: Error: File Modified Since {"$mid":1,"fsPath":"/home/pk/foodplaces/src/app/app.module.ts","external":"file:///home/pk/foodplaces/src/app/app.module.ts","path":"/home/pk/foodplaces/src/app/app.module.ts","scheme":"file"}
[2019-05-17 11:41:56.944] [renderer1] [error] doSave(243) - exit - resulted in a save error: Error: File Modified Since {"$mid":1,"fsPath":"/home/pk/foodplaces/src/app/app.module.ts","external":"file:///home/pk/foodplaces/src/app/app.module.ts","path":"/home/pk/foodplaces/src/app/app.module.ts","scheme":"file"}
[2019-05-17 11:42:08.456] [renderer1] [error] doSave(243) - exit - resulted in a save error: Error: File Modified Since {"$mid":1,"fsPath":"/home/pk/foodplaces/src/app/app.module.ts","external":"file:///home/pk/foodplaces/src/app/app.module.ts","path":"/home/pk/foodplaces/src/app/app.module.ts","scheme":"file"}
[2019-05-17 11:42:17.285] [renderer1] [error] doSave(243) - exit - resulted in a save error: Error: File Modified Since {"$mid":1,"fsPath":"/home/pk/foodplaces/src/app/app.module.ts","external":"file:///home/pk/foodplaces/src/app/app.module.ts","path":"/home/pk/foodplaces/src/app/app.module.ts","scheme":"file"}
[2019-05-17 11:44:37.642] [renderer1] [error] doSave(243) - exit - resulted in a save error: Error: File Modified Since {"$mid":1,"fsPath":"/home/pk/foodplaces/src/app/app.module.ts","external":"file:///home/pk/foodplaces/src/app/app.module.ts","path":"/home/pk/foodplaces/src/app/app.module.ts","scheme":"file"}
[2019-05-17 11:53:42.211] [renderer1] [error] doSave(243) - exit - resulted in a save error: Error: File Modified Since {"$mid":1,"fsPath":"/home/pk/foodplaces/src/app/app.module.ts","external":"file:///home/pk/foodplaces/src/app/app.module.ts","path":"/home/pk/foodplaces/src/app/app.module.ts","scheme":"file"}
[2019-05-17 11:59:41.901] [renderer1] [error] Inotify limit reached (ENOSPC)
[2019-05-17 17:33:02.717] [renderer1] [error] TypeScript Server Error (3.4.3)
Cannot read property 'length' of undefined
TypeError: Cannot read property 'length' of undefined
    at Object.find (tsserver.js:375:35)
    at getReferencedSymbolsForModuleIfDeclaredBySourceFile (tsserver.js:101861:78)
    at Object.getReferencedSymbolsForNode (tsserver.js:101839:40)
    at Object.getReferenceEntriesForNode (tsserver.js:101581:58)
    at getSemanticDocumentHighlights (tsserver.js:100395:57)
    at Object.getDocumentHighlights (tsserver.js:100383:20)
    at Object.getDocumentHighlights (tsserver.js:121028:42)
    at IOSession.Session.getDocumentHighlights (tsserver.js:129609:71)
    at Session.handlers.ts.createMapFromTemplate._a.(anonymous function) (tsserver.js:129016:61)
    at tsserver.js:130454:88
    at IOSession.Session.executeWithRequestId (tsserver.js:130445:28)
    at IOSession.Session.executeCommand (tsserver.js:130454:33)
    at IOSession.Session.onMessage (tsserver.js:130476:35)
    at Interface.<anonymous> (tsserver.js:131773:27)
    at Interface.emit (events.js:182:13)
    at Interface._onLine (readline.js:290:10)
    at Interface._normalWrite (readline.js:433:12)
    at Socket.ondata (readline.js:149:10)
    at Socket.emit (events.js:182:13)
    at addChunk (_stream_readable.js:279:12)
    at readableAddChunk (_stream_readable.js:264:11)
    at Socket.Readable.push (_stream_readable.js:219:10)
    at Pipe.onread (net.js:636:20): Error: TypeScript Server Error (3.4.3)
Cannot read property 'length' of undefined
TypeError: Cannot read property 'length' of undefined
    at Object.find (tsserver.js:375:35)
    at getReferencedSymbolsForModuleIfDeclaredBySourceFile (tsserver.js:101861:78)
    at Object.getReferencedSymbolsForNode (tsserver.js:101839:40)
    at Object.getReferenceEntriesForNode (tsserver.js:101581:58)
    at getSemanticDocumentHighlights (tsserver.js:100395:57)
    at Object.getDocumentHighlights (tsserver.js:100383:20)
    at Object.getDocumentHighlights (tsserver.js:121028:42)
    at IOSession.Session.getDocumentHighlights (tsserver.js:129609:71)
    at Session.handlers.ts.createMapFromTemplate._a.(anonymous function) (tsserver.js:129016:61)
    at tsserver.js:130454:88
    at IOSession.Session.executeWithRequestId (tsserver.js:130445:28)
    at IOSession.Session.executeCommand (tsserver.js:130454:33)
    at IOSession.Session.onMessage (tsserver.js:130476:35)
    at Interface.<anonymous> (tsserver.js:131773:27)
    at Interface.emit (events.js:182:13)
    at Interface._onLine (readline.js:290:10)
    at Interface._normalWrite (readline.js:433:12)
    at Socket.ondata (readline.js:149:10)
    at Socket.emit (events.js:182:13)
    at addChunk (_stream_readable.js:279:12)
    at readableAddChunk (_stream_readable.js:264:11)
    at Socket.Readable.push (_stream_readable.js:219:10)
    at Pipe.onread (net.js:636:20)
	at Function.create (/usr/share/code/resources/app/extensions/typescript-language-features/dist/extension.js:1:174464)
	at v.dispatchResponse (/usr/share/code/resources/app/extensions/typescript-language-features/dist/extension.js:1:179770)
	at v.dispatchMessage (/usr/share/code/resources/app/extensions/typescript-language-features/dist/extension.js:1:178522)
	at constructor._reader.onData.e (/usr/share/code/resources/app/extensions/typescript-language-features/dist/extension.js:1:177878)
	at u.fire (/usr/share/code/resources/app/out/vs/workbench/services/extensions/node/extensionHostProcess.js:44:708)
	at t.Reader.onLengthData (/usr/share/code/resources/app/extensions/typescript-language-features/dist/extension.js:1:183738)
	at Socket.t.Reader.constructor.e.on.e (/usr/share/code/resources/app/extensions/typescript-language-features/dist/extension.js:1:183386)
	at Socket.emit (events.js:182:13)
	at addChunk (_stream_readable.js:279:12)
	at readableAddChunk (_stream_readable.js:264:11)
	at Socket.Readable.push (_stream_readable.js:219:10)
	at Pipe.onread (net.js:636:20)
